<?xml version="1.0" encoding="UTF-8"?>
<testsuite xmlns:xsi="http://www.w3.org/2001/XMLSchema-instance" xsi:noNamespaceSchemaLocation="https://maven.apache.org/surefire/maven-surefire-plugin/xsd/surefire-test-report.xsd" version="3.0.1" name="com.bigbank.test.tests.BigbankTest" time="35.878" tests="6" errors="0" skipped="0" failures="0">
  <properties>
    <property name="java.specification.version" value="23"/>
    <property name="sun.jnu.encoding" value="UTF-8"/>
    <property name="java.class.path" value="/Users/mihkelhobemagi/Documents/bigbank/bigbank-test/target/test-classes:/Users/mihkelhobemagi/Documents/bigbank/bigbank-test/target/classes:/Users/mihkelhobemagi/.m2/repository/org/junit/jupiter/junit-jupiter-api/5.11.0/junit-jupiter-api-5.11.0.jar:/Users/mihkelhobemagi/.m2/repository/org/opentest4j/opentest4j/1.3.0/opentest4j-1.3.0.jar:/Users/mihkelhobemagi/.m2/repository/org/junit/platform/junit-platform-commons/1.11.0/junit-platform-commons-1.11.0.jar:/Users/mihkelhobemagi/.m2/repository/org/apiguardian/apiguardian-api/1.1.2/apiguardian-api-1.1.2.jar:/Users/mihkelhobemagi/.m2/repository/org/junit/jupiter/junit-jupiter-params/5.11.0/junit-jupiter-params-5.11.0.jar:/Users/mihkelhobemagi/.m2/repository/com/codeborne/selenide/7.9.4/selenide-7.9.4.jar:/Users/mihkelhobemagi/.m2/repository/org/seleniumhq/selenium/selenium-java/4.34.0/selenium-java-4.34.0.jar:/Users/mihkelhobemagi/.m2/repository/org/seleniumhq/selenium/selenium-api/4.34.0/selenium-api-4.34.0.jar:/Users/mihkelhobemagi/.m2/repository/org/seleniumhq/selenium/selenium-chrome-driver/4.34.0/selenium-chrome-driver-4.34.0.jar:/Users/mihkelhobemagi/.m2/repository/com/google/auto/service/auto-service-annotations/1.1.1/auto-service-annotations-1.1.1.jar:/Users/mihkelhobemagi/.m2/repository/org/seleniumhq/selenium/selenium-chromium-driver/4.34.0/selenium-chromium-driver-4.34.0.jar:/Users/mihkelhobemagi/.m2/repository/org/seleniumhq/selenium/selenium-json/4.34.0/selenium-json-4.34.0.jar:/Users/mihkelhobemagi/.m2/repository/org/seleniumhq/selenium/selenium-manager/4.34.0/selenium-manager-4.34.0.jar:/Users/mihkelhobemagi/.m2/repository/org/seleniumhq/selenium/selenium-devtools-v136/4.34.0/selenium-devtools-v136-4.34.0.jar:/Users/mihkelhobemagi/.m2/repository/org/seleniumhq/selenium/selenium-devtools-v137/4.34.0/selenium-devtools-v137-4.34.0.jar:/Users/mihkelhobemagi/.m2/repository/org/seleniumhq/selenium/selenium-devtools-v138/4.34.0/selenium-devtools-v138-4.34.0.jar:/Users/mihkelhobemagi/.m2/repository/org/seleniumhq/selenium/selenium-edge-driver/4.34.0/selenium-edge-driver-4.34.0.jar:/Users/mihkelhobemagi/.m2/repository/org/seleniumhq/selenium/selenium-firefox-driver/4.34.0/selenium-firefox-driver-4.34.0.jar:/Users/mihkelhobemagi/.m2/repository/org/seleniumhq/selenium/selenium-http/4.34.0/selenium-http-4.34.0.jar:/Users/mihkelhobemagi/.m2/repository/org/seleniumhq/selenium/selenium-ie-driver/4.34.0/selenium-ie-driver-4.34.0.jar:/Users/mihkelhobemagi/.m2/repository/org/seleniumhq/selenium/selenium-remote-driver/4.34.0/selenium-remote-driver-4.34.0.jar:/Users/mihkelhobemagi/.m2/repository/io/opentelemetry/opentelemetry-api/1.51.0/opentelemetry-api-1.51.0.jar:/Users/mihkelhobemagi/.m2/repository/io/opentelemetry/opentelemetry-context/1.51.0/opentelemetry-context-1.51.0.jar:/Users/mihkelhobemagi/.m2/repository/io/opentelemetry/opentelemetry-exporter-logging/1.51.0/opentelemetry-exporter-logging-1.51.0.jar:/Users/mihkelhobemagi/.m2/repository/io/opentelemetry/opentelemetry-sdk-common/1.51.0/opentelemetry-sdk-common-1.51.0.jar:/Users/mihkelhobemagi/.m2/repository/io/opentelemetry/opentelemetry-sdk-extension-autoconfigure-spi/1.51.0/opentelemetry-sdk-extension-autoconfigure-spi-1.51.0.jar:/Users/mihkelhobemagi/.m2/repository/io/opentelemetry/opentelemetry-sdk-extension-autoconfigure/1.51.0/opentelemetry-sdk-extension-autoconfigure-1.51.0.jar:/Users/mihkelhobemagi/.m2/repository/io/opentelemetry/opentelemetry-sdk-trace/1.51.0/opentelemetry-sdk-trace-1.51.0.jar:/Users/mihkelhobemagi/.m2/repository/io/opentelemetry/opentelemetry-sdk/1.51.0/opentelemetry-sdk-1.51.0.jar:/Users/mihkelhobemagi/.m2/repository/io/opentelemetry/opentelemetry-sdk-metrics/1.51.0/opentelemetry-sdk-metrics-1.51.0.jar:/Users/mihkelhobemagi/.m2/repository/io/opentelemetry/opentelemetry-sdk-logs/1.51.0/opentelemetry-sdk-logs-1.51.0.jar:/Users/mihkelhobemagi/.m2/repository/net/bytebuddy/byte-buddy/1.17.6/byte-buddy-1.17.6.jar:/Users/mihkelhobemagi/.m2/repository/org/seleniumhq/selenium/selenium-os/4.34.0/selenium-os-4.34.0.jar:/Users/mihkelhobemagi/.m2/repository/org/apache/commons/commons-exec/1.5.0/commons-exec-1.5.0.jar:/Users/mihkelhobemagi/.m2/repository/org/seleniumhq/selenium/selenium-safari-driver/4.34.0/selenium-safari-driver-4.34.0.jar:/Users/mihkelhobemagi/.m2/repository/org/seleniumhq/selenium/selenium-support/4.34.0/selenium-support-4.34.0.jar:/Users/mihkelhobemagi/.m2/repository/org/slf4j/slf4j-api/2.0.17/slf4j-api-2.0.17.jar:/Users/mihkelhobemagi/.m2/repository/com/codeborne/selenide-core/7.9.4/selenide-core-7.9.4.jar:/Users/mihkelhobemagi/.m2/repository/org/apache/httpcomponents/client5/httpclient5/5.5/httpclient5-5.5.jar:/Users/mihkelhobemagi/.m2/repository/org/apache/httpcomponents/core5/httpcore5/5.3.4/httpcore5-5.3.4.jar:/Users/mihkelhobemagi/.m2/repository/org/apache/httpcomponents/core5/httpcore5-h2/5.3.4/httpcore5-h2-5.3.4.jar:/Users/mihkelhobemagi/.m2/repository/com/github/valfirst/browserup-proxy/browserup-proxy-core/3.2.0/browserup-proxy-core-3.2.0.jar:/Users/mihkelhobemagi/.m2/repository/org/jspecify/jspecify/1.0.0/jspecify-1.0.0.jar:/Users/mihkelhobemagi/.m2/repository/com/google/errorprone/error_prone_annotations/2.39.0/error_prone_annotations-2.39.0.jar:/Users/mihkelhobemagi/.m2/repository/com/google/guava/guava/33.4.8-jre/guava-33.4.8-jre.jar:/Users/mihkelhobemagi/.m2/repository/com/google/guava/failureaccess/1.0.3/failureaccess-1.0.3.jar:/Users/mihkelhobemagi/.m2/repository/com/google/guava/listenablefuture/9999.0-empty-to-avoid-conflict-with-guava/listenablefuture-9999.0-empty-to-avoid-conflict-with-guava.jar:/Users/mihkelhobemagi/.m2/repository/com/google/j2objc/j2objc-annotations/3.0.0/j2objc-annotations-3.0.0.jar:/Users/mihkelhobemagi/.m2/repository/org/apache/commons/commons-lang3/3.17.0/commons-lang3-3.17.0.jar:/Users/mihkelhobemagi/.m2/repository/commons-io/commons-io/2.19.0/commons-io-2.19.0.jar:/Users/mihkelhobemagi/.m2/repository/org/slf4j/slf4j-nop/2.0.13/slf4j-nop-2.0.13.jar:"/>
    <property name="java.vm.vendor" value="Oracle Corporation"/>
    <property name="sun.arch.data.model" value="64"/>
    <property name="java.vendor.url" value="https://java.oracle.com/"/>
    <property name="user.timezone" value="Europe/Tallinn"/>
    <property name="os.name" value="Mac OS X"/>
    <property name="java.vm.specification.version" value="23"/>
    <property name="sun.java.launcher" value="SUN_STANDARD"/>
    <property name="user.country" value="EE"/>
    <property name="sun.boot.library.path" value="/Library/Java/JavaVirtualMachines/jdk-23.0.2.jdk/Contents/Home/lib"/>
    <property name="sun.java.command" value="/Users/mihkelhobemagi/Documents/bigbank/bigbank-test/target/surefire/surefirebooter-20250722142145560_3.jar /Users/mihkelhobemagi/Documents/bigbank/bigbank-test/target/surefire 2025-07-22T14-21-45_378-jvmRun1 surefire-20250722142145560_1tmp surefire_0-20250722142145560_2tmp"/>
    <property name="http.nonProxyHosts" value="local|*.local|169.254/16|*.169.254/16"/>
    <property name="jdk.debug" value="release"/>
    <property name="surefire.test.class.path" value="/Users/mihkelhobemagi/Documents/bigbank/bigbank-test/target/test-classes:/Users/mihkelhobemagi/Documents/bigbank/bigbank-test/target/classes:/Users/mihkelhobemagi/.m2/repository/org/junit/jupiter/junit-jupiter-api/5.11.0/junit-jupiter-api-5.11.0.jar:/Users/mihkelhobemagi/.m2/repository/org/opentest4j/opentest4j/1.3.0/opentest4j-1.3.0.jar:/Users/mihkelhobemagi/.m2/repository/org/junit/platform/junit-platform-commons/1.11.0/junit-platform-commons-1.11.0.jar:/Users/mihkelhobemagi/.m2/repository/org/apiguardian/apiguardian-api/1.1.2/apiguardian-api-1.1.2.jar:/Users/mihkelhobemagi/.m2/repository/org/junit/jupiter/junit-jupiter-params/5.11.0/junit-jupiter-params-5.11.0.jar:/Users/mihkelhobemagi/.m2/repository/com/codeborne/selenide/7.9.4/selenide-7.9.4.jar:/Users/mihkelhobemagi/.m2/repository/org/seleniumhq/selenium/selenium-java/4.34.0/selenium-java-4.34.0.jar:/Users/mihkelhobemagi/.m2/repository/org/seleniumhq/selenium/selenium-api/4.34.0/selenium-api-4.34.0.jar:/Users/mihkelhobemagi/.m2/repository/org/seleniumhq/selenium/selenium-chrome-driver/4.34.0/selenium-chrome-driver-4.34.0.jar:/Users/mihkelhobemagi/.m2/repository/com/google/auto/service/auto-service-annotations/1.1.1/auto-service-annotations-1.1.1.jar:/Users/mihkelhobemagi/.m2/repository/org/seleniumhq/selenium/selenium-chromium-driver/4.34.0/selenium-chromium-driver-4.34.0.jar:/Users/mihkelhobemagi/.m2/repository/org/seleniumhq/selenium/selenium-json/4.34.0/selenium-json-4.34.0.jar:/Users/mihkelhobemagi/.m2/repository/org/seleniumhq/selenium/selenium-manager/4.34.0/selenium-manager-4.34.0.jar:/Users/mihkelhobemagi/.m2/repository/org/seleniumhq/selenium/selenium-devtools-v136/4.34.0/selenium-devtools-v136-4.34.0.jar:/Users/mihkelhobemagi/.m2/repository/org/seleniumhq/selenium/selenium-devtools-v137/4.34.0/selenium-devtools-v137-4.34.0.jar:/Users/mihkelhobemagi/.m2/repository/org/seleniumhq/selenium/selenium-devtools-v138/4.34.0/selenium-devtools-v138-4.34.0.jar:/Users/mihkelhobemagi/.m2/repository/org/seleniumhq/selenium/selenium-edge-driver/4.34.0/selenium-edge-driver-4.34.0.jar:/Users/mihkelhobemagi/.m2/repository/org/seleniumhq/selenium/selenium-firefox-driver/4.34.0/selenium-firefox-driver-4.34.0.jar:/Users/mihkelhobemagi/.m2/repository/org/seleniumhq/selenium/selenium-http/4.34.0/selenium-http-4.34.0.jar:/Users/mihkelhobemagi/.m2/repository/org/seleniumhq/selenium/selenium-ie-driver/4.34.0/selenium-ie-driver-4.34.0.jar:/Users/mihkelhobemagi/.m2/repository/org/seleniumhq/selenium/selenium-remote-driver/4.34.0/selenium-remote-driver-4.34.0.jar:/Users/mihkelhobemagi/.m2/repository/io/opentelemetry/opentelemetry-api/1.51.0/opentelemetry-api-1.51.0.jar:/Users/mihkelhobemagi/.m2/repository/io/opentelemetry/opentelemetry-context/1.51.0/opentelemetry-context-1.51.0.jar:/Users/mihkelhobemagi/.m2/repository/io/opentelemetry/opentelemetry-exporter-logging/1.51.0/opentelemetry-exporter-logging-1.51.0.jar:/Users/mihkelhobemagi/.m2/repository/io/opentelemetry/opentelemetry-sdk-common/1.51.0/opentelemetry-sdk-common-1.51.0.jar:/Users/mihkelhobemagi/.m2/repository/io/opentelemetry/opentelemetry-sdk-extension-autoconfigure-spi/1.51.0/opentelemetry-sdk-extension-autoconfigure-spi-1.51.0.jar:/Users/mihkelhobemagi/.m2/repository/io/opentelemetry/opentelemetry-sdk-extension-autoconfigure/1.51.0/opentelemetry-sdk-extension-autoconfigure-1.51.0.jar:/Users/mihkelhobemagi/.m2/repository/io/opentelemetry/opentelemetry-sdk-trace/1.51.0/opentelemetry-sdk-trace-1.51.0.jar:/Users/mihkelhobemagi/.m2/repository/io/opentelemetry/opentelemetry-sdk/1.51.0/opentelemetry-sdk-1.51.0.jar:/Users/mihkelhobemagi/.m2/repository/io/opentelemetry/opentelemetry-sdk-metrics/1.51.0/opentelemetry-sdk-metrics-1.51.0.jar:/Users/mihkelhobemagi/.m2/repository/io/opentelemetry/opentelemetry-sdk-logs/1.51.0/opentelemetry-sdk-logs-1.51.0.jar:/Users/mihkelhobemagi/.m2/repository/net/bytebuddy/byte-buddy/1.17.6/byte-buddy-1.17.6.jar:/Users/mihkelhobemagi/.m2/repository/org/seleniumhq/selenium/selenium-os/4.34.0/selenium-os-4.34.0.jar:/Users/mihkelhobemagi/.m2/repository/org/apache/commons/commons-exec/1.5.0/commons-exec-1.5.0.jar:/Users/mihkelhobemagi/.m2/repository/org/seleniumhq/selenium/selenium-safari-driver/4.34.0/selenium-safari-driver-4.34.0.jar:/Users/mihkelhobemagi/.m2/repository/org/seleniumhq/selenium/selenium-support/4.34.0/selenium-support-4.34.0.jar:/Users/mihkelhobemagi/.m2/repository/org/slf4j/slf4j-api/2.0.17/slf4j-api-2.0.17.jar:/Users/mihkelhobemagi/.m2/repository/com/codeborne/selenide-core/7.9.4/selenide-core-7.9.4.jar:/Users/mihkelhobemagi/.m2/repository/org/apache/httpcomponents/client5/httpclient5/5.5/httpclient5-5.5.jar:/Users/mihkelhobemagi/.m2/repository/org/apache/httpcomponents/core5/httpcore5/5.3.4/httpcore5-5.3.4.jar:/Users/mihkelhobemagi/.m2/repository/org/apache/httpcomponents/core5/httpcore5-h2/5.3.4/httpcore5-h2-5.3.4.jar:/Users/mihkelhobemagi/.m2/repository/com/github/valfirst/browserup-proxy/browserup-proxy-core/3.2.0/browserup-proxy-core-3.2.0.jar:/Users/mihkelhobemagi/.m2/repository/org/jspecify/jspecify/1.0.0/jspecify-1.0.0.jar:/Users/mihkelhobemagi/.m2/repository/com/google/errorprone/error_prone_annotations/2.39.0/error_prone_annotations-2.39.0.jar:/Users/mihkelhobemagi/.m2/repository/com/google/guava/guava/33.4.8-jre/guava-33.4.8-jre.jar:/Users/mihkelhobemagi/.m2/repository/com/google/guava/failureaccess/1.0.3/failureaccess-1.0.3.jar:/Users/mihkelhobemagi/.m2/repository/com/google/guava/listenablefuture/9999.0-empty-to-avoid-conflict-with-guava/listenablefuture-9999.0-empty-to-avoid-conflict-with-guava.jar:/Users/mihkelhobemagi/.m2/repository/com/google/j2objc/j2objc-annotations/3.0.0/j2objc-annotations-3.0.0.jar:/Users/mihkelhobemagi/.m2/repository/org/apache/commons/commons-lang3/3.17.0/commons-lang3-3.17.0.jar:/Users/mihkelhobemagi/.m2/repository/commons-io/commons-io/2.19.0/commons-io-2.19.0.jar:/Users/mihkelhobemagi/.m2/repository/org/slf4j/slf4j-nop/2.0.13/slf4j-nop-2.0.13.jar:"/>
    <property name="sun.cpu.endian" value="little"/>
    <property name="user.home" value="/Users/mihkelhobemagi"/>
    <property name="user.language" value="en"/>
    <property name="java.specification.vendor" value="Oracle Corporation"/>
    <property name="java.version.date" value="2025-01-21"/>
    <property name="java.home" value="/Library/Java/JavaVirtualMachines/jdk-23.0.2.jdk/Contents/Home"/>
    <property name="file.separator" value="/"/>
    <property name="basedir" value="/Users/mihkelhobemagi/Documents/bigbank/bigbank-test"/>
    <property name="java.vm.compressedOopsMode" value="Zero based"/>
    <property name="line.separator" value="&#10;"/>
    <property name="java.vm.specification.vendor" value="Oracle Corporation"/>
    <property name="java.specification.name" value="Java Platform API Specification"/>
    <property name="apple.awt.application.name" value="ForkedBooter"/>
    <property name="surefire.real.class.path" value="/Users/mihkelhobemagi/Documents/bigbank/bigbank-test/target/surefire/surefirebooter-20250722142145560_3.jar"/>
    <property name="sun.management.compiler" value="HotSpot 64-Bit Tiered Compilers"/>
    <property name="ftp.nonProxyHosts" value="local|*.local|169.254/16|*.169.254/16"/>
    <property name="java.runtime.version" value="23.0.2+7-58"/>
    <property name="user.name" value="hendrikhobemagi"/>
    <property name="stdout.encoding" value="UTF-8"/>
    <property name="path.separator" value=":"/>
    <property name="os.version" value="13.6.9"/>
    <property name="java.runtime.name" value="OpenJDK Runtime Environment"/>
    <property name="file.encoding" value="UTF-8"/>
    <property name="java.vm.name" value="OpenJDK 64-Bit Server VM"/>
    <property name="localRepository" value="/Users/mihkelhobemagi/.m2/repository"/>
    <property name="java.vendor.url.bug" value="https://bugreport.java.com/bugreport/"/>
    <property name="java.io.tmpdir" value="/var/folders/62/1r0y9cmd5bdd8wgq2ycxn8b80000gn/T/"/>
    <property name="java.version" value="23.0.2"/>
    <property name="user.dir" value="/Users/mihkelhobemagi/Documents/bigbank/bigbank-test"/>
    <property name="os.arch" value="x86_64"/>
    <property name="java.vm.specification.name" value="Java Virtual Machine Specification"/>
    <property name="native.encoding" value="UTF-8"/>
    <property name="java.library.path" value="/Users/mihkelhobemagi/Library/Java/Extensions:/Library/Java/Extensions:/Network/Library/Java/Extensions:/System/Library/Java/Extensions:/usr/lib/java:."/>
    <property name="java.vm.info" value="mixed mode, sharing"/>
    <property name="stderr.encoding" value="UTF-8"/>
    <property name="java.vendor" value="Oracle Corporation"/>
    <property name="java.vm.version" value="23.0.2+7-58"/>
    <property name="sun.io.unicode.encoding" value="UnicodeBig"/>
    <property name="socksNonProxyHosts" value="local|*.local|169.254/16|*.169.254/16"/>
    <property name="java.class.version" value="67.0"/>
  </properties>
  <testcase name="characters_areNotAllowed" classname="com.bigbank.test.tests.BigbankTest" time="13.995"/>
  <testcase name="aboveMaximumAmounts_areNotAllowed" classname="com.bigbank.test.tests.BigbankTest" time="4.503"/>
  <testcase name="amountsNotSaved_whenCalculatorIsClosed" classname="com.bigbank.test.tests.BigbankTest" time="6.244"/>
  <testcase name="amountsAreSaved_whenJatkaButtonIsClicked" classname="com.bigbank.test.tests.BigbankTest" time="4.987"/>
  <testcase name="belowMinimumAmounts_areNotAllowed" classname="com.bigbank.test.tests.BigbankTest" time="3.336"/>
  <testcase name="negativeAmounts_areNotAllowed" classname="com.bigbank.test.tests.BigbankTest" time="2.724"/>
</testsuite>